{"logTime": "1106/045739", "correlationVector":"JP6twybvI1HxecnpkM05tT.0","action":"FeedSettingFetch_homeCloud", "result":"0", "context":{}}
{"logTime": "1106/045740", "correlationVector":"JP6twybvI1HxecnpkM05tT.0","action":"SyncServerConnectionManagerRequest", "result":"SYNC_SERVER_OK", "context":{"environment":"", "server":""}}
{"logTime": "1106/045740", "correlationVector":"yw46haA4ImZhnKofimrqiX.1","action":"SyncServerConnectionManagerRequest", "result":"SYNC_SERVER_OK", "context":{"environment":"Prod_EastUS2_000e", "server":"GENERAL0100000S"}}
{"logTime": "1106/045740", "correlationVector":"yw46haA4ImZhnKofimrqiX","action":"Initial GetUpdates", "result":"", "context":Reason: NEW_CLIENT. cV=yw46haA4ImZhnKofimrqiX}
{"logTime": "1106/045740", "correlationVector":"yw46haA4ImZhnKofimrqiX.2","action":"GetUpdates Response", "result":"SYNCER_OK", "context":Received 1 update(s). cV=yw46haA4ImZhnKofimrqiX.0;server=GENERAL0100000S;cloudType=Consumer;environment=Prod_EastUS2_000e}
{"logTime": "1106/045740", "correlationVector":"MprZjTmXSmaPKkodNWStCn","action":"Initial GetUpdates", "result":"", "context":Reason: NEW_CLIENT. cV=MprZjTmXSmaPKkodNWStCn}
{"logTime": "1106/045740", "correlationVector":"MprZjTmXSmaPKkodNWStCn.1","action":"SyncServerConnectionManagerRequest", "result":"SYNC_SERVER_OK", "context":{"environment":"Prod_EastUS2_000e", "server":"GENERAL0100000K"}}
{"logTime": "1106/045740", "correlationVector":"MprZjTmXSmaPKkodNWStCn.2","action":"GetUpdates Response", "result":"SYNCER_OK", "context":Received 5 update(s). cV=MprZjTmXSmaPKkodNWStCn.0;server=GENERAL0100000K;cloudType=Consumer;environment=Prod_EastUS2_000e}
{"logTime": "1106/045740", "correlationVector":"RBZtFqumVtLQ734ZbkPUyv","action":"Normal GetUpdate request", "result":"", "context":cV=RBZtFqumVtLQ734ZbkPUyv
Nudged types: Device Info, User Consents
Refresh requested types: Device Info, User Consents, Send Tab To Self, Encryption Keys}
{"logTime": "1106/045740", "correlationVector":"RBZtFqumVtLQ734ZbkPUyv.1","action":"SyncServerConnectionManagerRequest", "result":"SYNC_SERVER_OK", "context":{"environment":"Prod_EastUS2_000e", "server":"GENERAL01000000"}}
{"logTime": "1106/045740", "correlationVector":"RBZtFqumVtLQ734ZbkPUyv.2","action":"GetUpdates Response", "result":"SYNCER_OK", "context":Received 0 update(s). cV=RBZtFqumVtLQ734ZbkPUyv.0;server=GENERAL01000000;cloudType=Consumer;environment=Prod_EastUS2_000e}
{"logTime": "1106/045740", "correlationVector":"pxJ6Qx0E9zD5JmOyEkKz6u","action":"Commit Request", "result":"", "context":Item count: 1
Contributing types: Device Info}
{"logTime": "1106/045741", "correlationVector":"pxJ6Qx0E9zD5JmOyEkKz6u.1","action":"SyncServerConnectionManagerRequest", "result":"SYNC_SERVER_OK", "context":{"environment":"Prod_EastUS2_000e", "server":"GENERAL0100001W"}}
{"logTime": "1106/045741", "correlationVector":"pxJ6Qx0E9zD5JmOyEkKz6u.2","action":"Commit Response", "result":"SYNCER_OK", "context":Result: SYNCER_OK. cV=pxJ6Qx0E9zD5JmOyEkKz6u.0;server=GENERAL0100001W;cloudType=Consumer;environment=Prod_EastUS2_000e}
{"logTime": "1106/045741", "correlationVector":"v9LMmsoPQqNeGdf4fV6IAo","action":"Commit Request", "result":"", "context":Item count: 1
Contributing types: User Consents}
{"logTime": "1106/045741", "correlationVector":"v9LMmsoPQqNeGdf4fV6IAo.1","action":"SyncServerConnectionManagerRequest", "result":"SYNC_SERVER_OK", "context":{"environment":"Prod_EastUS2_000e", "server":"GENERAL01000008"}}
{"logTime": "1106/045741", "correlationVector":"v9LMmsoPQqNeGdf4fV6IAo.2","action":"Commit Response", "result":"SYNCER_OK", "context":Result: SYNCER_OK. cV=v9LMmsoPQqNeGdf4fV6IAo.0;server=GENERAL01000008;cloudType=Consumer;environment=Prod_EastUS2_000e}
{"logTime": "1106/045741", "correlationVector":"sAoiKJqoJFANKR4mbHNNRq","action":"Normal GetUpdate request", "result":"", "context":cV=sAoiKJqoJFANKR4mbHNNRq
Nudged types: Device Info}
{"logTime": "1106/045741", "correlationVector":"sAoiKJqoJFANKR4mbHNNRq.1","action":"SyncServerConnectionManagerRequest", "result":"SYNC_SERVER_OK", "context":{"environment":"Prod_EastUS2_000e", "server":"GENERAL01000006"}}
{"logTime": "1106/045741", "correlationVector":"sAoiKJqoJFANKR4mbHNNRq.2","action":"GetUpdates Response", "result":"SYNCER_OK", "context":Received 1 update(s). cV=sAoiKJqoJFANKR4mbHNNRq.0;server=GENERAL01000006;cloudType=Consumer;environment=Prod_EastUS2_000e}
{"logTime": "1106/051426", "correlationVector":"GNlwV1wVhnLW9QF05O3jZD.0","action":"FeedSettingFetch_homeCloud", "result":"0", "context":{}}
{"logTime": "1106/051426", "correlationVector":"5MtyyY0GxhkFgmHlQEGFP6.1","action":"SyncServerConnectionManagerRequest", "result":"SYNC_SERVER_OK", "context":{"environment":"Prod_EastUS2_000e", "server":"GENERAL01000021"}}
{"logTime": "1106/051426", "correlationVector":"5MtyyY0GxhkFgmHlQEGFP6","action":"Initial GetUpdates", "result":"", "context":Reason: NEW_CLIENT. cV=5MtyyY0GxhkFgmHlQEGFP6}
{"logTime": "1106/051426", "correlationVector":"5MtyyY0GxhkFgmHlQEGFP6.2","action":"GetUpdates Response", "result":"SYNCER_OK", "context":Received 1 update(s). cV=5MtyyY0GxhkFgmHlQEGFP6.0;server=GENERAL01000021;cloudType=Consumer;environment=Prod_EastUS2_000e}
{"logTime": "1106/051426", "correlationVector":"Rb5CJgbkevO7IcctA8nxcR","action":"Normal GetUpdate request", "result":"", "context":cV=Rb5CJgbkevO7IcctA8nxcR
Refresh requested types: Device Info, User Consents, Send Tab To Self, Encryption Keys}
{"logTime": "1106/051426", "correlationVector":"Rb5CJgbkevO7IcctA8nxcR.1","action":"SyncServerConnectionManagerRequest", "result":"SYNC_SERVER_OK", "context":{"environment":"Prod_EastUS2_000e", "server":"GENERAL0100001Q"}}
{"logTime": "1106/051426", "correlationVector":"Rb5CJgbkevO7IcctA8nxcR.2","action":"GetUpdates Response", "result":"SYNCER_OK", "context":Received 0 update(s). cV=Rb5CJgbkevO7IcctA8nxcR.0;server=GENERAL0100001Q;cloudType=Consumer;environment=Prod_EastUS2_000e}
{"logTime": "1106/052852", "correlationVector":"FH0AqJqKIqbHLZiV+YhG12.0","action":"FeedSettingFetch_homeCloud", "result":"0", "context":{}}
{"logTime": "1106/052852", "correlationVector":"AIxfHnknLYezlwRcRwPgQj.1","action":"SyncServerConnectionManagerRequest", "result":"SYNC_SERVER_OK", "context":{"environment":"Prod_EastUS2_000e", "server":"GENERAL01000024"}}
{"logTime": "1106/052852", "correlationVector":"AIxfHnknLYezlwRcRwPgQj","action":"Initial GetUpdates", "result":"", "context":Reason: NEW_CLIENT. cV=AIxfHnknLYezlwRcRwPgQj}
{"logTime": "1106/052852", "correlationVector":"AIxfHnknLYezlwRcRwPgQj.2","action":"GetUpdates Response", "result":"SYNCER_OK", "context":Received 1 update(s). cV=AIxfHnknLYezlwRcRwPgQj.0;server=GENERAL01000024;cloudType=Consumer;environment=Prod_EastUS2_000e}
{"logTime": "1106/052852", "correlationVector":"VLvgZWxyILlV45o9vJXQr4","action":"Normal GetUpdate request", "result":"", "context":cV=VLvgZWxyILlV45o9vJXQr4
Refresh requested types: Device Info, User Consents, Send Tab To Self, Encryption Keys}
{"logTime": "1106/052852", "correlationVector":"VLvgZWxyILlV45o9vJXQr4.1","action":"SyncServerConnectionManagerRequest", "result":"SYNC_SERVER_OK", "context":{"environment":"Prod_EastUS2_000e", "server":"GENERAL0100000U"}}
{"logTime": "1106/052852", "correlationVector":"VLvgZWxyILlV45o9vJXQr4.2","action":"GetUpdates Response", "result":"SYNCER_OK", "context":Received 0 update(s). cV=VLvgZWxyILlV45o9vJXQr4.0;server=GENERAL0100000U;cloudType=Consumer;environment=Prod_EastUS2_000e}
